<?xml version="1.0" encoding="UTF-8"?>
<!-- Generated by org.testng.reporters.JUnitReportReporter -->
<testsuite hostname="LAPTOP-UDVUDSTA" failures="0" tests="4" name="com.testng.training.PriorityExample" time="0.028" errors="0" timestamp="2024-08-11T21:12:03 WIB" skipped="0">
  <testcase classname="com.testng.training.PriorityExample" name="testOne" time="0.019"/>
  <testcase classname="com.testng.training.PriorityExample" name="testFour" time="0.004"/>
  <testcase classname="com.testng.training.PriorityExample" name="testThree" time="0.002"/>
  <testcase classname="com.testng.training.PriorityExample" name="testTwo" time="0.003"/>
</testsuite> <!-- com.testng.training.PriorityExample -->
