<?xml version="1.0" encoding="UTF-8"?>
<!-- Generated by org.testng.reporters.JUnitReportReporter -->
<testsuite hostname="LAPTOP-UDVUDSTA" failures="0" tests="1" name="executionorder.AnnotationTest" time="0.012" errors="0" timestamp="2024-08-11T20:28:04 WIB" skipped="0">
  <testcase classname="executionorder.AnnotationTest" name="first" time="0.012"/>
</testsuite> <!-- executionorder.AnnotationTest -->
