<?xml version="1.0" encoding="UTF-8"?>
<!-- Generated by org.testng.reporters.JUnitReportReporter -->
<testsuite hostname="LAPTOP-UDVUDSTA" failures="0" tests="2" name="com.testng.training.SampleTestOne" time="0.006" errors="0" timestamp="2024-08-09T09:16:51 WIB" skipped="0">
  <testcase classname="com.testng.training.SampleTestOne" name="sampleTestOneMethodOne" time="0.003"/>
  <testcase classname="com.testng.training.SampleTestOne" name="sampleTestOneMethodTwo" time="0.003"/>
</testsuite> <!-- com.testng.training.SampleTestOne -->
