<?xml version="1.0" encoding="UTF-8"?>
<!-- Generated by org.testng.reporters.JUnitReportReporter -->
<testsuite hostname="LAPTOP-UDVUDSTA" failures="0" tests="1" name="com.testng.dataprovider.dataProviderAcceptanceExample" time="0.002" errors="0" timestamp="2024-08-27T08:12:41 WIB" skipped="0">
  <testcase classname="com.testng.dataprovider.dataProviderAcceptanceExample" name="acceptanceTest" time="0.002"/>
</testsuite> <!-- com.testng.dataprovider.dataProviderAcceptanceExample -->
