<?xml version="1.0" encoding="UTF-8"?>
<!-- Generated by org.testng.reporters.JUnitReportReporter -->
<testsuite hostname="LAPTOP-UDVUDSTA" failures="0" tests="2" name="com.testng.training.TestCaseGrouping" time="0.020" errors="0" timestamp="2024-08-13T21:27:20 WIB" skipped="0">
  <testcase classname="com.testng.training.TestCaseGrouping" name="testCaseTwo" time="0.003"/>
  <testcase classname="com.testng.training.TestCaseGrouping" name="testCaseOne" time="0.017"/>
</testsuite> <!-- com.testng.training.TestCaseGrouping -->
