<?xml version="1.0" encoding="UTF-8"?>
<!-- Generated by org.testng.reporters.JUnitReportReporter -->
<testsuite hostname="LAPTOP-UDVUDSTA" failures="0" tests="2" name="FacebookLogin" time="0.021" errors="0" timestamp="2024-08-09T09:16:51 WIB" skipped="0">
  <testcase classname="FacebookLogin" name="loginWithInvalidCredentials" time="0.018"/>
  <testcase classname="FacebookLogin" name="loginWithValidCredentials" time="0.003"/>
</testsuite> <!-- FacebookLogin -->
