<?xml version="1.0" encoding="UTF-8"?>
<!-- Generated by org.testng.reporters.JUnitReportReporter -->
<testsuite hostname="LAPTOP-UDVUDSTA" failures="0" tests="4" name="com.testng.training.SkippingExample" time="0.065" errors="0" timestamp="2024-08-11T20:47:31 WIB" skipped="2">
  <testcase classname="com.testng.training.SkippingExample" name="testFour" time="0.021"/>
  <testcase classname="com.testng.training.SkippingExample" name="testOne" time="0.003"/>
  <testcase classname="com.testng.training.SkippingExample" name="testThree" time="0.041">
    <skipped/>
  </testcase> <!-- testThree -->
  <testcase classname="com.testng.training.SkippingExample" name="testTwo">
    <skipped/>
  </testcase> <!-- testTwo -->
</testsuite> <!-- com.testng.training.SkippingExample -->
