<?xml version="1.0" encoding="UTF-8"?>
<!-- Generated by org.testng.reporters.JUnitReportReporter -->
<testsuite hostname="LAPTOP-UDVUDSTA" failures="0" tests="2" name="FacebookProfileTest" time="0.007" errors="0" timestamp="2024-08-09T09:16:51 WIB" skipped="0">
  <testcase classname="FacebookProfileTest" name="checkProfileLink" time="0.004"/>
  <testcase classname="FacebookProfileTest" name="checkProfileLogo" time="0.003"/>
</testsuite> <!-- FacebookProfileTest -->
