<?xml version="1.0" encoding="UTF-8"?>
<!-- Generated by org.testng.reporters.JUnitReportReporter -->
<testsuite hostname="LAPTOP-UDVUDSTA" failures="0" tests="3" name="com.testng.dataprovider.dataProviderParameterExample" time="0.034" errors="0" timestamp="2024-08-27T08:12:41 WIB" skipped="0">
  <testcase classname="com.testng.dataprovider.dataProviderParameterExample" name="scenario2" time="0.003"/>
  <testcase classname="com.testng.dataprovider.dataProviderParameterExample" name="scenario3" time="0.003"/>
  <testcase classname="com.testng.dataprovider.dataProviderParameterExample" name="scenario1" time="0.028"/>
</testsuite> <!-- com.testng.dataprovider.dataProviderParameterExample -->
