<?xml version="1.0" encoding="UTF-8"?>
<!-- Generated by org.testng.reporters.JUnitReportReporter -->
<testsuite hostname="LAPTOP-UDVUDSTA" failures="0" tests="2" name="com.testng.training.SampleClassTwo" time="0.004" errors="0" timestamp="2024-08-09T09:16:51 WIB" skipped="0">
  <testcase classname="com.testng.training.SampleClassTwo" name="sampleTestOneMethodOne" time="0.002"/>
  <testcase classname="com.testng.training.SampleClassTwo" name="sampleTestOneMethodTwo" time="0.002"/>
</testsuite> <!-- com.testng.training.SampleClassTwo -->
