<?xml version="1.0" encoding="UTF-8"?>
<!-- Generated by org.testng.reporters.JUnitReportReporter -->
<testsuite hostname="LAPTOP-UDVUDSTA" failures="0" tests="2" name="com.testng.training.testParamaters" time="0.039" errors="0" timestamp="2024-08-15T21:12:00 WIB" skipped="0">
  <testcase classname="com.testng.training.testParamaters" name="testCaseOne" time="0.028"/>
  <testcase classname="com.testng.training.testParamaters" name="testCaseTwo" time="0.011"/>
</testsuite> <!-- com.testng.training.testParamaters -->
